[gharpayy.com/index.html]
[backblue.gif]
[fade.gif]
[index.html]
[gharpayy.com/img/logo/gharpayy_logo2.wpng]
[gharpayy.com/css/bootstrap.min.css]
[gharpayy.com/css/layerslider.css]
[gharpayy.com/css/common.css]
[gharpayy.com/css/style.css]
[gharpayy.com/css/color.css]
[gharpayy.com/css/fontawesome-all-5.2.0.min.css]
[gharpayy.com/webfonts/flaticon/flaticon.css]
[gharpayy.com/index-2.html]
[gharpayy.com/img/logo/gharpayy_logo2.png]
[gharpayy.com/about.html]
[gharpayy.com/gurugram/index.html]
[gharpayy.com/img/section1Image.jpg]
[gharpayy.com/img/extrapics/launching-concept-illustration_114360-4072.jpg]
[gharpayy.com/img/silder_images/2.1.jpg]
[gharpayy.com/img/silder_images/2.2.jpg]
[gharpayy.com/img/silder_images/2.3.jpg]
[gharpayy.com/img/silder_images/2.4.jpg]
[gharpayy.com/img/silder_images/2.5.jpg]
[gharpayy.com/img/silder_images/2.6.jpg]
[gharpayy.com/img/amenities.jpg]
[gharpayy.com/img/extrapics/mobile-map-concept-illustration_114360-4894.jpg]
[gharpayy.com/img/chooseUs.jpg]
[gharpayy.com/img/extrapics/business-deal-concept-illustration_114360-2209.jpg]
[gharpayy.com/video/bangalore _ hotel wala PG.mp4]
[gharpayy.com/img/thali.jpg]
[gharpayy.com/img/food1.jpg]
[gharpayy.com/img/silder_images/1.1.jpg]
[gharpayy.com/img/silder_images/1.2.jpg]
[gharpayy.com/img/silder_images/1.3.jpg]
[gharpayy.com/img/silder_images/1.4.jpg]
[gharpayy.com/img/silder_images/1.5.jpg]
[gharpayy.com/img/silder_images/1.6.jpg]
[gharpayy.com/img/extrapics/smart-home-concept-illustration_114360-6366.jpg]
[gharpayy.com/img/WhatsApp-logo.png]
[gharpayy.com/js/jquery.min.js]
[gharpayy.com/js/greensock.js]
[gharpayy.com/js/layerslider.transitions.js]
[gharpayy.com/js/layerslider.kreaturamedia.jquery.js]
[gharpayy.com/js/popper.min.js]
[gharpayy.com/js/bootstrap.min.js]
[gharpayy.com/js/common.js]
[gharpayy.com/js/jquery.countdown.js]
[gharpayy.com/js/jquery.cookie.js]
[gharpayy.com/js/custom.js]
[gharpayy.com/index.html]
[gharpayy.com/img/logo/gharpayy_logo2.html]
[gharpayy.com/css/bootstrap.min.css]
[gharpayy.com/css/layerslider.css]
[gharpayy.com/fonts/glyphicons-halflings-regular.eot]
[gharpayy.com/fonts/glyphicons-halflings-regulard41dd41d.eot]
[gharpayy.com/fonts/glyphicons-halflings-regular.woff2]
[gharpayy.com/fonts/glyphicons-halflings-regular.woff]
[gharpayy.com/fonts/glyphicons-halflings-regular.ttf]
[gharpayy.com/fonts/glyphicons-halflings-regular.svg]
[gharpayy.com/css/owl.video.play.html]
[gharpayy.com/css/common.css]
[gharpayy.com/img/bg-image/bg-1.jpg]
[gharpayy.com/img/bg-image/bg-2.jpg]
[gharpayy.com/img/bg-image/bg-3.jpg]
[gharpayy.com/img/bg-image/bg-4.jpg]
[gharpayy.com/img/bg-image/bg-5.jpg]
[gharpayy.com/img/bg-image/pattern/1.png]
[gharpayy.com/img/bg-image/pattern/2.png]
[gharpayy.com/img/bg-image/pattern/3.png]
[gharpayy.com/img/bg-image/pattern/4.png]
[gharpayy.com/img/bg-image/pattern/5.png]
[gharpayy.com/img/bg-image/pattern/6.png]
[gharpayy.com/img/bg-image/pattern/7.png]
[gharpayy.com/img/bg-image/pattern/8.png]
[gharpayy.com/img/bg-image/pattern/9.png]
[gharpayy.com/img/bg-image/pattern/10.png]
[gharpayy.com/img/bg-image/pattern/11.png]
[gharpayy.com/img/bg-image/pattern/12.png]
[gharpayy.com/img/bg-image/pattern/13.png]
[gharpayy.com/img/bg-image/pattern/14.png]
[gharpayy.com/img/bg-image/pattern/15.png]
[gharpayy.com/img/bg-image/bg-6.html]
[gharpayy.com/img/bg-image/bg-7.html]
[gharpayy.com/img/bg-image/bg-8.html]
[gharpayy.com/img/bg-image/bg-9.html]
[gharpayy.com/img/bg-image/bg-10.html]
[gharpayy.com/img/bg/3.jpg]
[gharpayy.com/img/about/aboutUs.jpg]
[gharpayy.com/img/bg/6.jpg]
[gharpayy.com/img/bg/8.png]
[gharpayy.com/img/bg/9.jpg]
[gharpayy.com/img/bg/12.jpg]
[gharpayy.com/images/fancybox/fancybox_loading.html]
[gharpayy.com/img/slider/slider_layer.png]
[gharpayy.com/img/width/25.jpg]
[gharpayy.com/css/style.css]
[gharpayy.com/css/color.css]
[gharpayy.com/webfonts/fa-brands-400.eot]
[gharpayy.com/webfonts/fa-brands-400d41dd41d.eot]
[gharpayy.com/webfonts/fa-brands-400.woff2]
[gharpayy.com/webfonts/fa-brands-400.woff]
[gharpayy.com/webfonts/fa-brands-400.ttf]
[gharpayy.com/webfonts/fa-brands-400.svg]
[gharpayy.com/webfonts/fa-regular-400.eot]
[gharpayy.com/webfonts/fa-regular-400d41dd41d.eot]
[gharpayy.com/webfonts/fa-regular-400.woff2]
[gharpayy.com/webfonts/fa-regular-400.woff]
[gharpayy.com/webfonts/fa-regular-400.ttf]
[gharpayy.com/webfonts/fa-regular-400.svg]
[gharpayy.com/webfonts/fa-solid-900.eot]
[gharpayy.com/webfonts/fa-solid-900d41dd41d.eot]
[gharpayy.com/webfonts/fa-solid-900.woff2]
[gharpayy.com/webfonts/fa-solid-900.woff]
[gharpayy.com/webfonts/fa-solid-900.ttf]
[gharpayy.com/css/fontawesome-all-5.2.0.min.css]
[gharpayy.com/webfonts/fa-solid-900.svg]
[gharpayy.com/webfonts/flaticon/Flaticon.eot]
[gharpayy.com/webfonts/flaticon/Flaticond41dd41d.eot]
[gharpayy.com/webfonts/flaticon/Flaticon.woff]
[gharpayy.com/webfonts/flaticon/Flaticon.ttf]
[gharpayy.com/webfonts/flaticon/Flaticon.svg]
[gharpayy.com/webfonts/flaticon/flaticon.css]
[gharpayy.com/index-2.html]
[gharpayy.com/about.html]
[gharpayy.com/gurugram/img/logo/gharpayy_logo2.wpng]
[gharpayy.com/gurugram/css/bootstrap.min.css]
[gharpayy.com/gurugram/css/layerslider.css]
[gharpayy.com/gurugram/css/common.css]
[gharpayy.com/gurugram/css/style.css]
[gharpayy.com/gurugram/css/color.css]
[gharpayy.com/gurugram/css/fontawesome-all-5.2.0.min.css]
[gharpayy.com/gurugram/webfonts/flaticon/flaticon.css]
[gharpayy.com/gurugram/img/logo/gharpayy_logo2.png]
[gharpayy.com/gurugram/about.html]
[gharpayy.com/gurugram/img/section1Image.jpg]
[gharpayy.com/gurugram/img/silder_images/gurugram_gharpayy/10.jpg]
[gharpayy.com/gurugram/img/silder_images/gurugram_gharpayy/11.jpg]
[gharpayy.com/gurugram/img/silder_images/gurugram_gharpayy/13.jpg]
[gharpayy.com/gurugram/img/silder_images/gurugram_gharpayy/14.jpg]
[gharpayy.com/gurugram/img/silder_images/gurugram_gharpayy/15.jpg]
[gharpayy.com/gurugram/img/silder_images/gurugram_gharpayy/16.jpg]
[gharpayy.com/gurugram/img/silder_images/gurugram_gharpayy/17.jpg]
[gharpayy.com/gurugram/img/silder_images/gurugram_gharpayy/18.jpg]
[gharpayy.com/gurugram/img/silder_images/gurugram_gharpayy/19.jpeg]
[gharpayy.com/gurugram/img/extrapics/launching-concept-illustration_114360-4072.jpg]
[gharpayy.com/gurugram/img/silder_images/gurugram_gharpayy/1.jpg]
[gharpayy.com/gurugram/img/silder_images/gurugram_gharpayy/2.jpg]
[gharpayy.com/gurugram/img/silder_images/gurugram_gharpayy/3.jpg]
[gharpayy.com/gurugram/img/silder_images/gurugram_gharpayy/4.jpg]
[gharpayy.com/gurugram/img/silder_images/gurugram_gharpayy/5.jpg]
[gharpayy.com/gurugram/img/silder_images/gurugram_gharpayy/6.jpg]
[gharpayy.com/gurugram/img/silder_images/gurugram_gharpayy/7.jpg]
[gharpayy.com/gurugram/img/silder_images/gurugram_gharpayy/8.jpg]
[gharpayy.com/gurugram/img/silder_images/gurugram_gharpayy/9.jpg]
[gharpayy.com/gurugram/img/amenities.jpg]
[gharpayy.com/gurugram/img/extrapics/mobile-map-concept-illustration_114360-4894.jpg]
[gharpayy.com/gurugram/img/chooseUs.jpg]
[gharpayy.com/gurugram/img/extrapics/business-deal-concept-illustration_114360-2209.jpg]
[gharpayy.com/gurugram/img/thali.jpg]
[gharpayy.com/gurugram/img/food1.jpg]
[gharpayy.com/gurugram/img/extrapics/smart-home-concept-illustration_114360-6366.jpg]
[gharpayy.com/gurugram/img/WhatsApp-logo.png]
[gharpayy.com/gurugram/js/jquery.min.js]
[gharpayy.com/gurugram/js/greensock.js]
[gharpayy.com/gurugram/js/layerslider.transitions.js]
[gharpayy.com/gurugram/js/layerslider.kreaturamedia.jquery.js]
[gharpayy.com/gurugram/js/popper.min.js]
[gharpayy.com/gurugram/js/bootstrap.min.js]
[gharpayy.com/gurugram/js/common.js]
[gharpayy.com/gurugram/js/jquery.countdown.js]
[gharpayy.com/gurugram/js/jquery.cookie.js]
[gharpayy.com/gurugram/js/custom.js]
[gharpayy.com/gurugram/index.html]
[gharpayy.com/js/jquery.min.js]
[gharpayy.com/js/greensock.js]
[gharpayy.com/js/layerslider.transitions.js]
[gharpayy.com/Version/index.html]
[gharpayy.com/5T/dJ/index.html]
[gharpayy.com/1I/5T.1I.js]
[gharpayy.com/js/layerslider.kreaturamedia.jquery.js]
[gharpayy.com/js/popper.min.js]
[gharpayy.com/nZ/index.html]
[gharpayy.com/4B/index.html]
[gharpayy.com/popper.js]
[gharpayy.com/js/bootstrap.min.js]
[gharpayy.com/js/common.js]
[gharpayy.com/js/jquery.countdown.js]
[gharpayy.com/js/jquery.cookie.js]
[gharpayy.com/js/custom.js]
[gharpayy.com/2L/index.html]
[gharpayy.com/fonts/glyphicons-halflings-regular.svg]
[gharpayy.com/css/owl.video.play.html]
[gharpayy.com/img/bg-image/bg-6.html]
[gharpayy.com/img/bg-image/bg-7.html]
[gharpayy.com/img/bg-image/bg-8.html]
[gharpayy.com/img/bg-image/bg-9.html]
[gharpayy.com/img/bg-image/bg-10.html]
[gharpayy.com/images/fancybox/fancybox_loading.html]
[gharpayy.com/webfonts/fa-brands-400.svg]
[gharpayy.com/webfonts/fa-regular-400.svg]
[gharpayy.com/pY pZ hv q0 @ 8Q_/5T.iO.5B/index.html]
[gharpayy.com/webfonts/fa-solid-900.svg]
[gharpayy.com/webfonts/flaticon/Flaticon.svg]
[www.googletagmanager.com/gtm5445.html]
[gharpayy.com/gurugram/img/logo/gharpayy_logo2.html]
[gharpayy.com/gurugram/css/bootstrap.min.css]
[gharpayy.com/gurugram/css/layerslider.css]
[gharpayy.com/8Q_/index.html]
[gharpayy.com/gurugram/fonts/glyphicons-halflings-regular.eot]
[gharpayy.com/gurugram/fonts/glyphicons-halflings-regulard41dd41d.eot]
[gharpayy.com/gurugram/fonts/glyphicons-halflings-regular.woff2]
[gharpayy.com/gurugram/fonts/glyphicons-halflings-regular.woff]
[gharpayy.com/gurugram/fonts/glyphicons-halflings-regular.ttf]
[gharpayy.com/gurugram/fonts/glyphicons-halflings-regular.svg]
[gharpayy.com/gurugram/css/owl.video.play.html]
[gharpayy.com/gurugram/css/common.css]
[gharpayy.com/gurugram/img/bg-image/bg-1.jpg]
[gharpayy.com/gurugram/img/bg-image/bg-2.jpg]
[gharpayy.com/gurugram/img/bg-image/bg-3.jpg]
[gharpayy.com/gurugram/img/bg-image/bg-4.jpg]
[gharpayy.com/gurugram/img/bg-image/bg-5.jpg]
[gharpayy.com/gurugram/img/bg-image/pattern/1.png]
[gharpayy.com/gurugram/img/bg-image/pattern/2.png]
[gharpayy.com/gurugram/img/bg-image/pattern/3.png]
[gharpayy.com/gurugram/img/bg-image/pattern/4.png]
[gharpayy.com/gurugram/img/bg-image/pattern/5.png]
[gharpayy.com/gurugram/img/bg-image/pattern/6.png]
[gharpayy.com/gurugram/img/bg-image/pattern/7.png]
[gharpayy.com/gurugram/img/bg-image/pattern/8.png]
[gharpayy.com/gurugram/img/bg-image/pattern/9.png]
[gharpayy.com/gurugram/img/bg-image/pattern/10.png]
[gharpayy.com/gurugram/img/bg-image/pattern/11.png]
[gharpayy.com/gurugram/img/bg-image/pattern/12.png]
[gharpayy.com/gurugram/img/bg-image/pattern/13.png]
[gharpayy.com/gurugram/img/bg-image/pattern/14.png]
[gharpayy.com/gurugram/img/bg-image/pattern/15.png]
[gharpayy.com/gurugram/img/bg-image/bg-6.html]
[gharpayy.com/gurugram/img/bg-image/bg-7.html]
[gharpayy.com/gurugram/img/bg-image/bg-8.html]
[gharpayy.com/gurugram/img/bg-image/bg-9.html]
[gharpayy.com/gurugram/img/bg-image/bg-10.html]
[gharpayy.com/gurugram/img/bg/3.jpg]
[gharpayy.com/gurugram/img/about/aboutUs.jpg]
[gharpayy.com/gurugram/img/bg/6.jpg]
[gharpayy.com/gurugram/img/bg/8.png]
[gharpayy.com/gurugram/img/bg/9.jpg]
[gharpayy.com/gurugram/img/bg/12.jpg]
[gharpayy.com/gurugram/images/fancybox/fancybox_loading.html]
[gharpayy.com/gurugram/img/slider/slider_layer.png]
[gharpayy.com/gurugram/img/width/25.jpg]
[gharpayy.com/gurugram/css/style.css]
[gharpayy.com/gurugram/css/color.css]
[gharpayy.com/gurugram/webfonts/fa-brands-400.eot]
[gharpayy.com/gurugram/webfonts/fa-brands-400d41dd41d.eot]
[gharpayy.com/gurugram/webfonts/fa-brands-400.woff2]
[gharpayy.com/gurugram/webfonts/fa-brands-400.woff]
[gharpayy.com/gurugram/webfonts/fa-brands-400.ttf]
[gharpayy.com/gurugram/webfonts/fa-brands-400.svg]
[gharpayy.com/gurugram/webfonts/fa-regular-400.eot]
[gharpayy.com/gurugram/webfonts/fa-regular-400d41dd41d.eot]
[gharpayy.com/gurugram/webfonts/fa-regular-400.woff2]
[gharpayy.com/gurugram/webfonts/fa-regular-400.woff]
[gharpayy.com/gurugram/webfonts/fa-regular-400.ttf]
[gharpayy.com/gurugram/webfonts/fa-regular-400.svg]
[gharpayy.com/gurugram/webfonts/fa-solid-900.eot]
[gharpayy.com/gurugram/webfonts/fa-solid-900d41dd41d.eot]
[gharpayy.com/gurugram/webfonts/fa-solid-900.woff2]
[gharpayy.com/gurugram/webfonts/fa-solid-900.woff]
[gharpayy.com/gurugram/webfonts/fa-solid-900.ttf]
[gharpayy.com/gurugram/css/fontawesome-all-5.2.0.min.css]
[gharpayy.com/gurugram/webfonts/fa-solid-900.svg]
[gharpayy.com/gurugram/webfonts/flaticon/Flaticon.eot]
[gharpayy.com/gurugram/webfonts/flaticon/Flaticond41dd41d.eot]
[gharpayy.com/gurugram/webfonts/flaticon/Flaticon.woff]
[gharpayy.com/gurugram/webfonts/flaticon/Flaticon.ttf]
[gharpayy.com/gurugram/webfonts/flaticon/flaticon.css]
[gharpayy.com/gurugram/about.html]
[gharpayy.com/gurugram/img/silder_images/gurugram_gharpayy/19.html]
[gharpayy.com/gurugram/js/jquery.min.js]
[gharpayy.com/gurugram/js/greensock.js]
[gharpayy.com/gurugram/js/layerslider.transitions.js]
[gharpayy.com/gurugram/webfonts/flaticon/Flaticon.svg]
[gharpayy.com/gurugram/4B/index.html]
[gharpayy.com/gurugram/Version/index.html]
[gharpayy.com/gurugram/nZ/index.html]
[gharpayy.com/gurugram/1I/5T.1I.e1.delayed]
[gharpayy.com/gurugram/js/layerslider.kreaturamedia.jquery.js]
[gharpayy.com/gurugram/js/popper.min.js]
[gharpayy.com/gurugram/8Q_/index.html]
[gharpayy.com/gurugram/popper.js]
[gharpayy.com/gurugram/js/bootstrap.min.js]
[gharpayy.com/gurugram/pY pZ hv q0 @ 8Q_/5T.iO.5B/index.html]
[gharpayy.com/gurugram/js/common.js]
[gharpayy.com/gurugram/js/jquery.countdown.js]
[gharpayy.com/gurugram/js/jquery.cookie.js]
[gharpayy.com/gurugram/js/custom.js]
[gharpayy.com/Version/index.html]
[gharpayy.com/5T/dJ/index.html]
[gharpayy.com/nZ/index.html]
[gharpayy.com/4B/index.html]
[gharpayy.com/8Q_/index.html]
[gharpayy.com/2L/index.html]
[gharpayy.com/pY pZ hv q0 @ 8Q_/5T.iO.5B/index.html]
[gharpayy.com/1I/5T.1I.html]
[gharpayy.com/popper.html]
[gharpayy.com/gurugram/fonts/glyphicons-halflings-regular.svg]
[gharpayy.com/gurugram/css/owl.video.play.html]
[gharpayy.com/gurugram/img/bg-image/bg-6.html]
[gharpayy.com/gurugram/img/bg-image/bg-7.html]
[gharpayy.com/gurugram/img/bg-image/bg-8.html]
[gharpayy.com/gurugram/img/bg-image/bg-9.html]
[gharpayy.com/gurugram/img/bg-image/bg-10.html]
[gharpayy.com/gurugram/images/fancybox/fancybox_loading.html]
[gharpayy.com/gurugram/webfonts/fa-brands-400.svg]
[gharpayy.com/gurugram/webfonts/fa-regular-400.svg]
[gharpayy.com/gurugram/webfonts/fa-solid-900.svg]
[gharpayy.com/gurugram/webfonts/flaticon/Flaticon.svg]
[gharpayy.com/gurugram/Version/index.html]
[gharpayy.com/gurugram/nZ/index.html]
[gharpayy.com/gurugram/4B/index.html]
[gharpayy.com/gurugram/8Q_/index.html]
[gharpayy.com/gurugram/pY pZ hv q0 @ 8Q_/5T.iO.5B/index.html]
[gharpayy.com/gurugram/1I/5T.1I.html]
[gharpayy.com/gurugram/popper.html]
[f.p2.5b/js/p3.ak.js]
